<?xml version="1.0" encoding="UTF-8"?>
<!-- Generated by org.testng.reporters.JUnitReportReporter -->
<testsuite hostname="DESKTOP-H0PI4DT" failures="0" tests="1" name="restAssuredExample.TC_04_DeleteUser_StaticImport" time="4.199" errors="0" timestamp="2022-11-11T15:42:20 IST" skipped="0">
  <testcase classname="restAssuredExample.TC_04_DeleteUser_StaticImport" name="setupRequest" time="4.199"/>
  <system-out/>
</testsuite> <!-- restAssuredExample.TC_04_DeleteUser_StaticImport -->
