<?xml version="1.0" encoding="UTF-8"?>
<!-- Generated by org.testng.reporters.JUnitReportReporter -->
<testsuite hostname="DESKTOP-H0PI4DT" failures="0" tests="1" name="restAssuredExample.TC_03_UpdateUser_StaticImport" time="6.611" errors="0" timestamp="2022-11-11T15:40:25 IST" skipped="0">
  <testcase classname="restAssuredExample.TC_03_UpdateUser_StaticImport" name="setupRequest" time="6.611"/>
  <system-out/>
</testsuite> <!-- restAssuredExample.TC_03_UpdateUser_StaticImport -->
