<?xml version="1.0" encoding="UTF-8"?>
<!-- Generated by org.testng.reporters.JUnitReportReporter -->
<testsuite hostname="DESKTOP-H0PI4DT" failures="0" tests="3" name="tests.LoginTest" time="6.830" errors="0" timestamp="2022-10-31T16:11:44 IST" skipped="0">
  <testcase classname="tests.LoginTest" name="TC_01_verifyLoginFeatureWithValid" time="5.214"/>
  <system-out/>
  <testcase classname="tests.LoginTest" name="verifyAppLicationTitle" time="0.059"/>
  <system-out/>
  <testcase classname="tests.LoginTest" name="verifyLogout" time="1.557"/>
  <system-out/>
</testsuite> <!-- tests.LoginTest -->
