<?xml version="1.0" encoding="UTF-8"?>
<!-- Generated by org.testng.reporters.JUnitReportReporter -->
<testsuite hostname="DESKTOP-H0PI4DT" failures="0" tests="5" name="restAssuredExample.TC_02_CreateUser_StaticImport_DDT" time="9.856" errors="0" timestamp="2022-11-11T15:16:24 IST" skipped="0">
  <testcase classname="restAssuredExample.TC_02_CreateUser_StaticImport_DDT" name="setupRequest" time="1.231"/>
  <system-out/>
  <testcase classname="restAssuredExample.TC_02_CreateUser_StaticImport_DDT" name="setupRequest" time="0.724"/>
  <system-out/>
  <testcase classname="restAssuredExample.TC_02_CreateUser_StaticImport_DDT" name="setupRequest" time="0.720"/>
  <system-out/>
  <testcase classname="restAssuredExample.TC_02_CreateUser_StaticImport_DDT" name="setupRequest" time="0.790"/>
  <system-out/>
  <testcase classname="restAssuredExample.TC_02_CreateUser_StaticImport_DDT" name="setupRequest" time="6.391"/>
  <system-out/>
</testsuite> <!-- restAssuredExample.TC_02_CreateUser_StaticImport_DDT -->
