<?xml version="1.0" encoding="UTF-8"?>
<!-- Generated by org.testng.reporters.JUnitReportReporter -->
<testsuite hostname="DESKTOP-H0PI4DT" failures="0" tests="1" name="appiumMobileAutomation.TC_01_VirtualDevice_CalcualtorApp_Native" time="7.572" errors="0" timestamp="2022-11-15T16:31:01 IST" skipped="0">
  <testcase classname="appiumMobileAutomation.TC_01_VirtualDevice_CalcualtorApp_Native" name="verifyAppFeature" time="7.572"/>
  <system-out/>
</testsuite> <!-- appiumMobileAutomation.TC_01_VirtualDevice_CalcualtorApp_Native -->
