<?xml version="1.0" encoding="UTF-8"?>
<!-- Generated by org.testng.reporters.JUnitReportReporter -->
<testsuite hostname="DESKTOP-H0PI4DT" failures="0" tests="1" name="restAssuredExample.TC_02_CreateUserTest" time="5.145" errors="0" timestamp="2022-11-11T14:24:26 IST" skipped="0">
  <testcase classname="restAssuredExample.TC_02_CreateUserTest" name="setupRequest" time="5.145"/>
  <system-out/>
</testsuite> <!-- restAssuredExample.TC_02_CreateUserTest -->
