<?xml version="1.0" encoding="UTF-8"?>
<!-- Generated by org.testng.reporters.JUnitReportReporter -->
<testsuite hostname="DESKTOP-H0PI4DT" failures="0" tests="1" name="appiumMobileAutomation.TC_01_RealDevice_InsatllAPP_COntentDesc_XPATH2" time="2.769" errors="0" timestamp="2022-11-16T15:43:45 IST" skipped="0">
  <testcase classname="appiumMobileAutomation.TC_01_RealDevice_InsatllAPP_COntentDesc_XPATH2" name="verifyAppFeature" time="2.769"/>
  <system-out/>
</testsuite> <!-- appiumMobileAutomation.TC_01_RealDevice_InsatllAPP_COntentDesc_XPATH2 -->
