<?xml version="1.0" encoding="UTF-8"?>
<!-- Generated by org.testng.reporters.JUnitReportReporter -->
<testsuite hostname="DESKTOP-H0PI4DT" failures="0" tests="1" name="restAssuredExample.TC_01_ListUser" time="0.110" errors="0" timestamp="2022-11-10T15:34:42 IST" skipped="0">
  <testcase classname="restAssuredExample.TC_01_ListUser" name="verifyListUserTest" time="0.110"/>
  <system-out/>
</testsuite> <!-- restAssuredExample.TC_01_ListUser -->
