<?xml version="1.0" encoding="UTF-8"?>
<!-- Generated by org.testng.reporters.JUnitReportReporter -->
<testsuite hostname="DESKTOP-H0PI4DT" failures="0" tests="1" name="appiumMobileAutomation.TC_01_VirtualDevice_CalcualtorApp_Native2" time="1.378" errors="0" timestamp="2022-11-15T16:38:39 IST" skipped="0">
  <testcase classname="appiumMobileAutomation.TC_01_VirtualDevice_CalcualtorApp_Native2" name="verifyAppFeature" time="1.378"/>
  <system-out/>
</testsuite> <!-- appiumMobileAutomation.TC_01_VirtualDevice_CalcualtorApp_Native2 -->
