<?xml version="1.0" encoding="UTF-8"?>
<!-- Generated by org.testng.reporters.JUnitReportReporter -->
<testsuite hostname="DESKTOP-H0PI4DT" failures="0" tests="1" name="appiumMobileAutomation.TC_01_RealDevice_InsatllAPP_COntentDesc_XPATH" time="2.616" errors="0" timestamp="2022-11-16T15:38:44 IST" skipped="0">
  <testcase classname="appiumMobileAutomation.TC_01_RealDevice_InsatllAPP_COntentDesc_XPATH" name="verifyAppFeature" time="2.616"/>
  <system-out/>
</testsuite> <!-- appiumMobileAutomation.TC_01_RealDevice_InsatllAPP_COntentDesc_XPATH -->
