<?xml version="1.0" encoding="UTF-8"?>
<!-- Generated by org.testng.reporters.JUnitReportReporter -->
<testsuite hostname="DESKTOP-H0PI4DT" failures="0" tests="5" name="appiumMobileAutomation.DemoAppTestOnRealDevices_DriverMethods" time="1.279" errors="0" timestamp="2022-11-16T16:00:23 IST" skipped="0">
  <testcase classname="appiumMobileAutomation.DemoAppTestOnRealDevices_DriverMethods" name="verifyBatteryInfo" time="0.179"/>
  <system-out/>
  <testcase classname="appiumMobileAutomation.DemoAppTestOnRealDevices_DriverMethods" name="verifyOrientation" time="0.530"/>
  <system-out/>
  <testcase classname="appiumMobileAutomation.DemoAppTestOnRealDevices_DriverMethods" name="verifyContext" time="0.009"/>
  <system-out/>
  <testcase classname="appiumMobileAutomation.DemoAppTestOnRealDevices_DriverMethods" name="verifyLatLong" time="0.428"/>
  <system-out/>
  <testcase classname="appiumMobileAutomation.DemoAppTestOnRealDevices_DriverMethods" name="verifyDeviceTime" time="0.133"/>
  <system-out/>
</testsuite> <!-- appiumMobileAutomation.DemoAppTestOnRealDevices_DriverMethods -->
