<?xml version="1.0" encoding="UTF-8"?>
<!-- Generated by org.testng.reporters.JUnitReportReporter -->
<testsuite hostname="DESKTOP-H0PI4DT" failures="0" tests="1" name="testNGExample.TestNGAnnotationExample" time="0.015" errors="0" timestamp="2022-10-31T14:33:37 IST" skipped="0">
  <testcase classname="testNGExample.TestNGAnnotationExample" name="login" time="0.015"/>
  <system-out/>
</testsuite> <!-- testNGExample.TestNGAnnotationExample -->
