<?xml version="1.0" encoding="UTF-8"?>
<!-- Generated by org.testng.reporters.JUnitReportReporter -->
<testsuite hostname="DESKTOP-H0PI4DT" failures="0" tests="4" name="restAssuredExample.TC_01_ListUserRecap" time="0.097" errors="0" timestamp="2022-11-10T15:52:31 IST" skipped="0">
  <testcase classname="restAssuredExample.TC_01_ListUserRecap" name="verifyStatusCode" time="0.000"/>
  <system-out/>
  <testcase classname="restAssuredExample.TC_01_ListUserRecap" name="verifyContentType" time="0.005"/>
  <system-out/>
  <testcase classname="restAssuredExample.TC_01_ListUserRecap" name="verifyListUserTest" time="0.091"/>
  <system-out/>
  <testcase classname="restAssuredExample.TC_01_ListUserRecap" name="verifyHeaderPowered" time="0.001"/>
  <system-out/>
</testsuite> <!-- restAssuredExample.TC_01_ListUserRecap -->
