<?xml version="1.0" encoding="UTF-8"?>
<!-- Generated by org.testng.reporters.JUnitReportReporter -->
<testsuite hostname="DESKTOP-H0PI4DT" failures="0" tests="3" name="dataDrivenTest.NOPComLogin" time="33.507" errors="0" timestamp="2022-10-28T15:35:35 IST" skipped="0">
  <testcase classname="dataDrivenTest.NOPComLogin" name="verifyLoginWithInValidUser" time="11.309"/>
  <system-out/>
  <testcase classname="dataDrivenTest.NOPComLogin" name="verifyLoginWithInValidUser" time="10.989"/>
  <system-out/>
  <testcase classname="dataDrivenTest.NOPComLogin" name="verifyLoginWithInValidUser" time="11.209"/>
  <system-out/>
</testsuite> <!-- dataDrivenTest.NOPComLogin -->
