<?xml version="1.0" encoding="UTF-8"?>
<!-- Generated by org.testng.reporters.JUnitReportReporter -->
<testsuite hostname="DESKTOP-H0PI4DT" failures="0" tests="1" name="appiumMobileAutomation.TC_01_VirtualDevice_CalcualtorApp_Native_Indentification" time="7.766" errors="0" timestamp="2022-11-16T15:17:20 IST" skipped="0">
  <testcase classname="appiumMobileAutomation.TC_01_VirtualDevice_CalcualtorApp_Native_Indentification" name="verifyAppFeature" time="7.766"/>
  <system-out/>
</testsuite> <!-- appiumMobileAutomation.TC_01_VirtualDevice_CalcualtorApp_Native_Indentification -->
